{"C:\\Users\\USER1\\Desktop\\GitHub\\Projet-Integration\\App\\Codes\\PeopleFlux\\Components\\Contact.js": {"path":"C:\\Users\\USER1\\Desktop\\GitHub\\Projet-Integration\\App\\Codes\\PeopleFlux\\Components\\Contact.js","statementMap":{"0":{"start":{"line":11,"column":5},"end":{"line":11,"column":17}},"1":{"start":{"line":12,"column":5},"end":{"line":16,"column":5}},"2":{"start":{"line":20,"column":5},"end":{"line":25,"column":6}},"3":{"start":{"line":21,"column":7},"end":{"line":21,"column":19}},"4":{"start":{"line":24,"column":7},"end":{"line":24,"column":20}},"5":{"start":{"line":29,"column":4},"end":{"line":92,"column":5}},"6":{"start":{"line":44,"column":44},"end":{"line":44,"column":65}},"7":{"start":{"line":48,"column":45},"end":{"line":48,"column":74}},"8":{"start":{"line":54,"column":38},"end":{"line":54,"column":67}},"9":{"start":{"line":57,"column":45},"end":{"line":57,"column":67}},"10":{"start":{"line":61,"column":45},"end":{"line":61,"column":73}},"11":{"start":{"line":68,"column":36},"end":{"line":68,"column":64}},"12":{"start":{"line":73,"column":45},"end":{"line":73,"column":67}},"13":{"start":{"line":95,"column":16},"end":{"line":116,"column":5}},"14":{"start":{"line":96,"column":19},"end":{"line":96,"column":41}},"15":{"start":{"line":97,"column":8},"end":{"line":113,"column":9}},"16":{"start":{"line":98,"column":10},"end":{"line":102,"column":33}},"17":{"start":{"line":105,"column":10},"end":{"line":112,"column":12}},"18":{"start":{"line":109,"column":42},"end":{"line":109,"column":67}},"19":{"start":{"line":119,"column":15},"end":{"line":226,"column":2}}},"fnMap":{"0":{"name":"(anonymous_0)","decl":{"start":{"line":10,"column":2},"end":{"line":10,"column":3}},"loc":{"start":{"line":10,"column":21},"end":{"line":17,"column":4}},"line":10},"1":{"name":"(anonymous_1)","decl":{"start":{"line":19,"column":3},"end":{"line":19,"column":4}},"loc":{"start":{"line":19,"column":20},"end":{"line":26,"column":4}},"line":19},"2":{"name":"(anonymous_2)","decl":{"start":{"line":28,"column":2},"end":{"line":28,"column":3}},"loc":{"start":{"line":28,"column":11},"end":{"line":93,"column":3}},"line":28},"3":{"name":"(anonymous_3)","decl":{"start":{"line":44,"column":34},"end":{"line":44,"column":35}},"loc":{"start":{"line":44,"column":44},"end":{"line":44,"column":65}},"line":44},"4":{"name":"(anonymous_4)","decl":{"start":{"line":48,"column":37},"end":{"line":48,"column":38}},"loc":{"start":{"line":48,"column":43},"end":{"line":48,"column":76}},"line":48},"5":{"name":"(anonymous_5)","decl":{"start":{"line":54,"column":25},"end":{"line":54,"column":26}},"loc":{"start":{"line":54,"column":36},"end":{"line":54,"column":69}},"line":54},"6":{"name":"(anonymous_6)","decl":{"start":{"line":57,"column":34},"end":{"line":57,"column":35}},"loc":{"start":{"line":57,"column":45},"end":{"line":57,"column":67}},"line":57},"7":{"name":"(anonymous_7)","decl":{"start":{"line":61,"column":37},"end":{"line":61,"column":38}},"loc":{"start":{"line":61,"column":43},"end":{"line":61,"column":75}},"line":61},"8":{"name":"(anonymous_8)","decl":{"start":{"line":68,"column":23},"end":{"line":68,"column":24}},"loc":{"start":{"line":68,"column":34},"end":{"line":68,"column":66}},"line":68},"9":{"name":"(anonymous_9)","decl":{"start":{"line":73,"column":34},"end":{"line":73,"column":35}},"loc":{"start":{"line":73,"column":45},"end":{"line":73,"column":67}},"line":73},"10":{"name":"(anonymous_10)","decl":{"start":{"line":95,"column":16},"end":{"line":95,"column":17}},"loc":{"start":{"line":95,"column":22},"end":{"line":116,"column":5}},"line":95},"11":{"name":"(anonymous_11)","decl":{"start":{"line":109,"column":36},"end":{"line":109,"column":37}},"loc":{"start":{"line":109,"column":42},"end":{"line":109,"column":67}},"line":109}},"branchMap":{"0":{"loc":{"start":{"line":20,"column":5},"end":{"line":25,"column":6}},"type":"if","locations":[{"start":{"line":20,"column":5},"end":{"line":25,"column":6}},{"start":{"line":20,"column":5},"end":{"line":25,"column":6}}],"line":20},"1":{"loc":{"start":{"line":20,"column":8},"end":{"line":20,"column":70}},"type":"binary-expr","locations":[{"start":{"line":20,"column":8},"end":{"line":20,"column":37}},{"start":{"line":20,"column":41},"end":{"line":20,"column":70}}],"line":20},"2":{"loc":{"start":{"line":97,"column":8},"end":{"line":113,"column":9}},"type":"if","locations":[{"start":{"line":97,"column":8},"end":{"line":113,"column":9}},{"start":{"line":97,"column":8},"end":{"line":113,"column":9}}],"line":97}},"s":{"0":1,"1":1,"2":1,"3":1,"4":0,"5":2,"6":0,"7":0,"8":3,"9":0,"10":0,"11":3,"12":0,"13":1,"14":0,"15":0,"16":0,"17":0,"18":0,"19":1},"f":{"0":1,"1":1,"2":2,"3":0,"4":0,"5":3,"6":0,"7":0,"8":3,"9":0,"10":0,"11":0},"b":{"0":[1,0],"1":[1,1],"2":[0,0]},"_coverageSchema":"43e27e138ebf9cfc5966b082cf9a028302ed4184","hash":"c0a834eb3a563877fdeead649c3e94f094e8b7a0"}
}
