TN:
SF:C:\Users\USER1\Desktop\GitHub\Projet-Integration\App\Codes\PeopleFlux\Components\Contact.js
FN:10,(anonymous_0)
FN:19,(anonymous_1)
FN:28,(anonymous_2)
FN:44,(anonymous_3)
FN:48,(anonymous_4)
FN:54,(anonymous_5)
FN:57,(anonymous_6)
FN:61,(anonymous_7)
FN:68,(anonymous_8)
FN:73,(anonymous_9)
FN:95,(anonymous_10)
FN:109,(anonymous_11)
FNF:12
FNH:5
FNDA:1,(anonymous_0)
FNDA:1,(anonymous_1)
FNDA:2,(anonymous_2)
FNDA:0,(anonymous_3)
FNDA:0,(anonymous_4)
FNDA:3,(anonymous_5)
FNDA:0,(anonymous_6)
FNDA:0,(anonymous_7)
FNDA:3,(anonymous_8)
FNDA:0,(anonymous_9)
FNDA:0,(anonymous_10)
FNDA:0,(anonymous_11)
DA:11,1
DA:12,1
DA:20,1
DA:21,1
DA:24,0
DA:29,2
DA:44,0
DA:48,0
DA:54,3
DA:57,0
DA:61,0
DA:68,3
DA:73,0
DA:95,1
DA:96,0
DA:97,0
DA:98,0
DA:105,0
DA:109,0
DA:119,1
LF:20
LH:9
BRDA:20,0,0,1
BRDA:20,0,1,0
BRDA:20,1,0,1
BRDA:20,1,1,1
BRDA:97,2,0,0
BRDA:97,2,1,0
BRF:6
BRH:3
end_of_record
